wear/app/build/intermediates/manifest_merge_blame_file/debug/processDebugMainManifest/manifest-merger-blame-debug-report.txt
1<?xml version="1.0" encoding="utf-8"?>
2<manifest xmlns:android="http://schemas.android.com/apk/res/android"
3    package="com.kevin.hrtracker.wear"
4    android:versionCode="1"
5    android:versionName="1.0" >
6
7    <uses-sdk
7-->INJECTED
8        android:minSdkVersion="30"
8-->INJECTED
9        android:targetSdkVersion="35" />
9-->INJECTED
10
11    <uses-permission android:name="android.permission.BODY_SENSORS" />
11-->src\main\AndroidManifest.xml:4:5-70
11-->src\main\AndroidManifest.xml:4:22-68
12    <uses-permission android:name="android.permission.WAKE_LOCK" />
12-->src\main\AndroidManifest.xml:5:5-67
12-->src\main\AndroidManifest.xml:5:22-65
13
14    <uses-feature android:name="android.hardware.type.watch" />
14-->src\main\AndroidManifest.xml:7:5-63
14-->src\main\AndroidManifest.xml:7:19-61
15
16    <permission
16-->[androidx.core:core:1.16.0] AndroidManifest.xml:22:5-24:47
17        android:name="com.kevin.hrtracker.wear.DYNAMIC_RECEIVER_NOT_EXPORTED_PERMISSION"
17-->[androidx.core:core:1.16.0] AndroidManifest.xml:23:9-81
18        android:protectionLevel="signature" />
18-->[androidx.core:core:1.16.0] AndroidManifest.xml:24:9-44
19
20    <uses-permission android:name="com.kevin.hrtracker.wear.DYNAMIC_RECEIVER_NOT_EXPORTED_PERMISSION" />
20-->[androidx.core:core:1.16.0] AndroidManifest.xml:26:5-97
20-->[androidx.core:core:1.16.0] AndroidManifest.xml:26:22-94
21
22    <application
22-->src\main\AndroidManifest.xml:9:5-36:19
23        android:name="com.kevin.hrtracker.wear.WearApplication"
23-->src\main\AndroidManifest.xml:10:9-40
24        android:appComponentFactory="androidx.core.app.CoreComponentFactory"
24-->[androidx.core:core:1.16.0] AndroidManifest.xml:28:18-86
25        android:debuggable="true"
26        android:extractNativeLibs="false"
26-->INJECTED
27        android:label="@string/app_name"
27-->src\main\AndroidManifest.xml:11:9-41
28        android:theme="@android:style/Theme.DeviceDefault" >
28-->src\main\AndroidManifest.xml:12:9-59
29        <activity
29-->src\main\AndroidManifest.xml:14:9-22:20
30            android:name="com.kevin.hrtracker.wear.MainActivity"
30-->src\main\AndroidManifest.xml:15:13-41
31            android:exported="true"
31-->src\main\AndroidManifest.xml:16:13-36
32            android:taskAffinity="" >
32-->src\main\AndroidManifest.xml:17:13-36
33            <intent-filter>
33-->src\main\AndroidManifest.xml:18:13-21:29
34                <action android:name="android.intent.action.MAIN" />
34-->src\main\AndroidManifest.xml:19:17-68
34-->src\main\AndroidManifest.xml:19:25-66
35
36                <category android:name="android.intent.category.LAUNCHER" />
36-->src\main\AndroidManifest.xml:20:17-76
36-->src\main\AndroidManifest.xml:20:27-74
37            </intent-filter>
38        </activity>
39
40        <service
40-->src\main\AndroidManifest.xml:24:9-34:19
41            android:name="com.kevin.hrtracker.wear.comms.WatchCommandListener"
41-->src\main\AndroidManifest.xml:25:13-55
42            android:exported="true" >
42-->src\main\AndroidManifest.xml:26:13-36
43            <intent-filter>
43-->src\main\AndroidManifest.xml:27:13-33:29
44                <action android:name="com.google.android.gms.wearable.MESSAGE_RECEIVED" />
44-->src\main\AndroidManifest.xml:28:17-90
44-->src\main\AndroidManifest.xml:28:25-88
45
46                <data
46-->src\main\AndroidManifest.xml:29:17-32:58
47                    android:host="*"
47-->src\main\AndroidManifest.xml:31:21-37
48                    android:pathPrefix="/session_state"
48-->src\main\AndroidManifest.xml:32:21-56
49                    android:scheme="wear" />
49-->src\main\AndroidManifest.xml:30:21-42
50            </intent-filter>
51        </service>
52
53        <uses-library
53-->[androidx.wear.compose:compose-foundation:1.6.2] AndroidManifest.xml:23:9-25:40
54            android:name="wear-sdk"
54-->[androidx.wear.compose:compose-foundation:1.6.2] AndroidManifest.xml:24:13-36
55            android:required="false" />
55-->[androidx.wear.compose:compose-foundation:1.6.2] AndroidManifest.xml:25:13-37
56
57        <activity
57-->[com.google.android.gms:play-services-base:18.5.0] AndroidManifest.xml:5:9-173
58            android:name="com.google.android.gms.common.api.GoogleApiActivity"
58-->[com.google.android.gms:play-services-base:18.5.0] AndroidManifest.xml:5:19-85
59            android:exported="false"
59-->[com.google.android.gms:play-services-base:18.5.0] AndroidManifest.xml:5:146-170
60            android:theme="@android:style/Theme.Translucent.NoTitleBar" />
60-->[com.google.android.gms:play-services-base:18.5.0] AndroidManifest.xml:5:86-145
61
62        <meta-data
62-->[com.google.android.gms:play-services-basement:18.9.0] AndroidManifest.xml:21:9-23:69
63            android:name="com.google.android.gms.version"
63-->[com.google.android.gms:play-services-basement:18.9.0] AndroidManifest.xml:22:13-58
64            android:value="@integer/google_play_services_version" />
64-->[com.google.android.gms:play-services-basement:18.9.0] AndroidManifest.xml:23:13-66
65
66        <provider
66-->[androidx.emoji2:emoji2:1.4.0] AndroidManifest.xml:24:9-32:20
67            android:name="androidx.startup.InitializationProvider"
67-->[androidx.emoji2:emoji2:1.4.0] AndroidManifest.xml:25:13-67
68            android:authorities="com.kevin.hrtracker.wear.androidx-startup"
68-->[androidx.emoji2:emoji2:1.4.0] AndroidManifest.xml:26:13-68
69            android:exported="false" >
69-->[androidx.emoji2:emoji2:1.4.0] AndroidManifest.xml:27:13-37
70            <meta-data
70-->[androidx.emoji2:emoji2:1.4.0] AndroidManifest.xml:29:13-31:52
71                android:name="androidx.emoji2.text.EmojiCompatInitializer"
71-->[androidx.emoji2:emoji2:1.4.0] AndroidManifest.xml:30:17-75
72                android:value="androidx.startup" />
72-->[androidx.emoji2:emoji2:1.4.0] AndroidManifest.xml:31:17-49
73            <meta-data
73-->[androidx.lifecycle:lifecycle-process:2.9.4] AndroidManifest.xml:29:13-31:52
74                android:name="androidx.lifecycle.ProcessLifecycleInitializer"
74-->[androidx.lifecycle:lifecycle-process:2.9.4] AndroidManifest.xml:30:17-78
75                android:value="androidx.startup" />
75-->[androidx.lifecycle:lifecycle-process:2.9.4] AndroidManifest.xml:31:17-49
76            <meta-data
76-->[androidx.profileinstaller:profileinstaller:1.4.0] AndroidManifest.xml:29:13-31:52
77                android:name="androidx.profileinstaller.ProfileInstallerInitializer"
77-->[androidx.profileinstaller:profileinstaller:1.4.0] AndroidManifest.xml:30:17-85
78                android:value="androidx.startup" />
78-->[androidx.profileinstaller:profileinstaller:1.4.0] AndroidManifest.xml:31:17-49
79        </provider>
80
81        <receiver
81-->[androidx.profileinstaller:profileinstaller:1.4.0] AndroidManifest.xml:34:9-52:20
82            android:name="androidx.profileinstaller.ProfileInstallReceiver"
82-->[androidx.profileinstaller:profileinstaller:1.4.0] AndroidManifest.xml:35:13-76
83            android:directBootAware="false"
83-->[androidx.profileinstaller:profileinstaller:1.4.0] AndroidManifest.xml:36:13-44
84            android:enabled="true"
84-->[androidx.profileinstaller:profileinstaller:1.4.0] AndroidManifest.xml:37:13-35
85            android:exported="true"
85-->[androidx.profileinstaller:profileinstaller:1.4.0] AndroidManifest.xml:38:13-36
86            android:permission="android.permission.DUMP" >
86-->[androidx.profileinstaller:profileinstaller:1.4.0] AndroidManifest.xml:39:13-57
87            <intent-filter>
87-->[androidx.profileinstaller:profileinstaller:1.4.0] AndroidManifest.xml:40:13-42:29
88                <action android:name="androidx.profileinstaller.action.INSTALL_PROFILE" />
88-->[androidx.profileinstaller:profileinstaller:1.4.0] AndroidManifest.xml:41:17-91
88-->[androidx.profileinstaller:profileinstaller:1.4.0] AndroidManifest.xml:41:25-88
89            </intent-filter>
90            <intent-filter>
90-->[androidx.profileinstaller:profileinstaller:1.4.0] AndroidManifest.xml:43:13-45:29
91                <action android:name="androidx.profileinstaller.action.SKIP_FILE" />
91-->[androidx.profileinstaller:profileinstaller:1.4.0] AndroidManifest.xml:44:17-85
91-->[androidx.profileinstaller:profileinstaller:1.4.0] AndroidManifest.xml:44:25-82
92            </intent-filter>
93            <intent-filter>
93-->[androidx.profileinstaller:profileinstaller:1.4.0] AndroidManifest.xml:46:13-48:29
94                <action android:name="androidx.profileinstaller.action.SAVE_PROFILE" />
94-->[androidx.profileinstaller:profileinstaller:1.4.0] AndroidManifest.xml:47:17-88
94-->[androidx.profileinstaller:profileinstaller:1.4.0] AndroidManifest.xml:47:25-85
95            </intent-filter>
96            <intent-filter>
96-->[androidx.profileinstaller:profileinstaller:1.4.0] AndroidManifest.xml:49:13-51:29
97                <action android:name="androidx.profileinstaller.action.BENCHMARK_OPERATION" />
97-->[androidx.profileinstaller:profileinstaller:1.4.0] AndroidManifest.xml:50:17-95
97-->[androidx.profileinstaller:profileinstaller:1.4.0] AndroidManifest.xml:50:25-92
98            </intent-filter>
99        </receiver>
100    </application>
101
102</manifest>